c:\reaearch\image_enhancement(c++)\imageencoding\imageencoding\debug\imageencoding.pch
c:\reaearch\image_enhancement(c++)\imageencoding\imageencoding\debug\vc141.pdb
c:\reaearch\image_enhancement(c++)\imageencoding\imageencoding\debug\vc141.idb
c:\reaearch\image_enhancement(c++)\imageencoding\imageencoding\debug\pch.obj
c:\reaearch\image_enhancement(c++)\imageencoding\imageencoding\debug\log2.obj
c:\reaearch\image_enhancement(c++)\imageencoding\imageencoding\debug\entropy.obj
c:\reaearch\image_enhancement(c++)\imageencoding\imageencoding\debug\image.obj
c:\reaearch\image_enhancement(c++)\imageencoding\imageencoding\debug\snakepixel.obj
c:\reaearch\image_enhancement(c++)\imageencoding\imageencoding\debug\runlengthcoding.obj
c:\reaearch\image_enhancement(c++)\imageencoding\imageencoding\debug\predictivecoding.obj
c:\reaearch\image_enhancement(c++)\imageencoding\imageencoding\debug\imageencoding.obj
c:\reaearch\image_enhancement(c++)\imageencoding\debug\imageencoding.lib
c:\reaearch\image_enhancement(c++)\imageencoding\debug\imageencoding.exp
c:\reaearch\image_enhancement(c++)\imageencoding\debug\imageencoding.ilk
c:\reaearch\image_enhancement(c++)\imageencoding\debug\imageencoding.exe
c:\reaearch\image_enhancement(c++)\imageencoding\debug\imageencoding.pdb
c:\reaearch\image_enhancement(c++)\imageencoding\imageencoding\debug\imageencoding.tlog\cl.command.1.tlog
c:\reaearch\image_enhancement(c++)\imageencoding\imageencoding\debug\imageencoding.tlog\cl.read.1.tlog
c:\reaearch\image_enhancement(c++)\imageencoding\imageencoding\debug\imageencoding.tlog\cl.write.1.tlog
c:\reaearch\image_enhancement(c++)\imageencoding\imageencoding\debug\imageencoding.tlog\imageencoding.write.1u.tlog
c:\reaearch\image_enhancement(c++)\imageencoding\imageencoding\debug\imageencoding.tlog\link-cvtres.read.1.tlog
c:\reaearch\image_enhancement(c++)\imageencoding\imageencoding\debug\imageencoding.tlog\link-cvtres.write.1.tlog
c:\reaearch\image_enhancement(c++)\imageencoding\imageencoding\debug\imageencoding.tlog\link-rc.read.1.tlog
c:\reaearch\image_enhancement(c++)\imageencoding\imageencoding\debug\imageencoding.tlog\link-rc.write.1.tlog
c:\reaearch\image_enhancement(c++)\imageencoding\imageencoding\debug\imageencoding.tlog\link.11852-cvtres.read.1.tlog
c:\reaearch\image_enhancement(c++)\imageencoding\imageencoding\debug\imageencoding.tlog\link.11852-cvtres.write.1.tlog
c:\reaearch\image_enhancement(c++)\imageencoding\imageencoding\debug\imageencoding.tlog\link.11852-rc.read.1.tlog
c:\reaearch\image_enhancement(c++)\imageencoding\imageencoding\debug\imageencoding.tlog\link.11852-rc.write.1.tlog
c:\reaearch\image_enhancement(c++)\imageencoding\imageencoding\debug\imageencoding.tlog\link.11852.read.1.tlog
c:\reaearch\image_enhancement(c++)\imageencoding\imageencoding\debug\imageencoding.tlog\link.11852.write.1.tlog
c:\reaearch\image_enhancement(c++)\imageencoding\imageencoding\debug\imageencoding.tlog\link.command.1.tlog
c:\reaearch\image_enhancement(c++)\imageencoding\imageencoding\debug\imageencoding.tlog\link.read.1.tlog
c:\reaearch\image_enhancement(c++)\imageencoding\imageencoding\debug\imageencoding.tlog\link.write.1.tlog
