  pch.cpp
  2D_Fourier.cpp
c:\reaearch\image_enhancement(c++)\2d_fourier\2d_fourier\2d_fourier.cpp(38): warning C4244: 'argument': conversion from 'double' to 'const float', possible loss of data
  fft.cc
c:\reaearch\image_enhancement(c++)\2d_fourier\2d_fourier\fft.cc(23): warning C4244: 'initializing': conversion from 'double' to 'float', possible loss of data
  image.cc
  LowPassFilter.cpp
c:\reaearch\image_enhancement(c++)\2d_fourier\2d_fourier\lowpassfilter.cpp(70): warning C4244: 'initializing': conversion from 'float' to 'int', possible loss of data
c:\reaearch\image_enhancement(c++)\2d_fourier\2d_fourier\lowpassfilter.cpp(75): warning C4244: 'initializing': conversion from 'float' to 'int', possible loss of data
c:\reaearch\image_enhancement(c++)\2d_fourier\2d_fourier\lowpassfilter.cpp(82): warning C4244: 'initializing': conversion from 'double' to 'int', possible loss of data
c:\reaearch\image_enhancement(c++)\2d_fourier\2d_fourier\lowpassfilter.cpp(84): warning C4244: 'initializing': conversion from 'float' to 'int', possible loss of data
c:\reaearch\image_enhancement(c++)\2d_fourier\2d_fourier\image.h(229): warning C4018: '<': signed/unsigned mismatch
  c:\reaearch\image_enhancement(c++)\2d_fourier\2d_fourier\image.h(153): note: while compiling class template member function 'bool ImageTemplate<Complex>::LoadPng(std::string)'
  c:\reaearch\image_enhancement(c++)\2d_fourier\2d_fourier\lowpassfilter.cpp(20): note: see reference to function template instantiation 'bool ImageTemplate<Complex>::LoadPng(std::string)' being compiled
  c:\reaearch\image_enhancement(c++)\2d_fourier\2d_fourier\lowpassfilter.cpp(19): note: see reference to class template instantiation 'ImageTemplate<Complex>' being compiled
c:\reaearch\image_enhancement(c++)\2d_fourier\2d_fourier\image.h(254): warning C4018: '<': signed/unsigned mismatch
  MiniMagnitudeVariation.cpp
c:\reaearch\image_enhancement(c++)\2d_fourier\2d_fourier\image.h(229): warning C4018: '<': signed/unsigned mismatch
  c:\reaearch\image_enhancement(c++)\2d_fourier\2d_fourier\image.h(153): note: while compiling class template member function 'bool ImageTemplate<Complex>::LoadPng(std::string)'
  c:\reaearch\image_enhancement(c++)\2d_fourier\2d_fourier\minimagnitudevariation.cpp(14): note: see reference to function template instantiation 'bool ImageTemplate<Complex>::LoadPng(std::string)' being compiled
  c:\reaearch\image_enhancement(c++)\2d_fourier\2d_fourier\minimagnitudevariation.cpp(13): note: see reference to class template instantiation 'ImageTemplate<Complex>' being compiled
c:\reaearch\image_enhancement(c++)\2d_fourier\2d_fourier\image.h(254): warning C4018: '<': signed/unsigned mismatch
  ZeroPhase.cpp
c:\reaearch\image_enhancement(c++)\2d_fourier\2d_fourier\image.h(229): warning C4018: '<': signed/unsigned mismatch
  c:\reaearch\image_enhancement(c++)\2d_fourier\2d_fourier\image.h(153): note: while compiling class template member function 'bool ImageTemplate<Complex>::LoadPng(std::string)'
  c:\reaearch\image_enhancement(c++)\2d_fourier\2d_fourier\zerophase.cpp(13): note: see reference to function template instantiation 'bool ImageTemplate<Complex>::LoadPng(std::string)' being compiled
  c:\reaearch\image_enhancement(c++)\2d_fourier\2d_fourier\zerophase.cpp(12): note: see reference to class template instantiation 'ImageTemplate<Complex>' being compiled
c:\reaearch\image_enhancement(c++)\2d_fourier\2d_fourier\image.h(254): warning C4018: '<': signed/unsigned mismatch
  Generating Code...
LINK : warning LNK4098: defaultlib 'LIBCMTD' conflicts with use of other libs; use /NODEFAULTLIB:library
libpngd.lib(png.obj) : warning LNK4099: PDB 'libpng.pdb' was not found with 'libpngd.lib(png.obj)' or at 'C:\reaearch\Image_enhancement(C++)\2D_Fourier\Debug\libpng.pdb'; linking object as if no debug info
libpngd.lib(pngerror.obj) : warning LNK4099: PDB 'libpng.pdb' was not found with 'libpngd.lib(pngerror.obj)' or at 'C:\reaearch\Image_enhancement(C++)\2D_Fourier\Debug\libpng.pdb'; linking object as if no debug info
libpngd.lib(pngget.obj) : warning LNK4099: PDB 'libpng.pdb' was not found with 'libpngd.lib(pngget.obj)' or at 'C:\reaearch\Image_enhancement(C++)\2D_Fourier\Debug\libpng.pdb'; linking object as if no debug info
libpngd.lib(pngmem.obj) : warning LNK4099: PDB 'libpng.pdb' was not found with 'libpngd.lib(pngmem.obj)' or at 'C:\reaearch\Image_enhancement(C++)\2D_Fourier\Debug\libpng.pdb'; linking object as if no debug info
libpngd.lib(pngread.obj) : warning LNK4099: PDB 'libpng.pdb' was not found with 'libpngd.lib(pngread.obj)' or at 'C:\reaearch\Image_enhancement(C++)\2D_Fourier\Debug\libpng.pdb'; linking object as if no debug info
libpngd.lib(pngrio.obj) : warning LNK4099: PDB 'libpng.pdb' was not found with 'libpngd.lib(pngrio.obj)' or at 'C:\reaearch\Image_enhancement(C++)\2D_Fourier\Debug\libpng.pdb'; linking object as if no debug info
libpngd.lib(pngrtran.obj) : warning LNK4099: PDB 'libpng.pdb' was not found with 'libpngd.lib(pngrtran.obj)' or at 'C:\reaearch\Image_enhancement(C++)\2D_Fourier\Debug\libpng.pdb'; linking object as if no debug info
libpngd.lib(pngrutil.obj) : warning LNK4099: PDB 'libpng.pdb' was not found with 'libpngd.lib(pngrutil.obj)' or at 'C:\reaearch\Image_enhancement(C++)\2D_Fourier\Debug\libpng.pdb'; linking object as if no debug info
libpngd.lib(pngset.obj) : warning LNK4099: PDB 'libpng.pdb' was not found with 'libpngd.lib(pngset.obj)' or at 'C:\reaearch\Image_enhancement(C++)\2D_Fourier\Debug\libpng.pdb'; linking object as if no debug info
libpngd.lib(pngtrans.obj) : warning LNK4099: PDB 'libpng.pdb' was not found with 'libpngd.lib(pngtrans.obj)' or at 'C:\reaearch\Image_enhancement(C++)\2D_Fourier\Debug\libpng.pdb'; linking object as if no debug info
libpngd.lib(pngwio.obj) : warning LNK4099: PDB 'libpng.pdb' was not found with 'libpngd.lib(pngwio.obj)' or at 'C:\reaearch\Image_enhancement(C++)\2D_Fourier\Debug\libpng.pdb'; linking object as if no debug info
libpngd.lib(pngwrite.obj) : warning LNK4099: PDB 'libpng.pdb' was not found with 'libpngd.lib(pngwrite.obj)' or at 'C:\reaearch\Image_enhancement(C++)\2D_Fourier\Debug\libpng.pdb'; linking object as if no debug info
libpngd.lib(pngwtran.obj) : warning LNK4099: PDB 'libpng.pdb' was not found with 'libpngd.lib(pngwtran.obj)' or at 'C:\reaearch\Image_enhancement(C++)\2D_Fourier\Debug\libpng.pdb'; linking object as if no debug info
libpngd.lib(pngwutil.obj) : warning LNK4099: PDB 'libpng.pdb' was not found with 'libpngd.lib(pngwutil.obj)' or at 'C:\reaearch\Image_enhancement(C++)\2D_Fourier\Debug\libpng.pdb'; linking object as if no debug info
  2D_Fourier.vcxproj -> C:\reaearch\Image_enhancement(C++)\2D_Fourier\Debug\2D_Fourier.exe
